2025-07-27 11:48:40,340 - ERROR - 浏览器驱动初始化失败: 本地ChromeDriver不存在: D:\Documents\Github\nju_electric_monitor\src\..\drivers\chromedriver-win64\chromedriver.exe，请确保drivers/chromedriver-win64目录存在并包含chromedriver.exe
2025-07-27 11:50:58,136 - INFO - 使用本地ChromeDriver: D:\Documents\Github\nju_electric_monitor\src\..\chromedriver-win64\chromedriver.exe
2025-07-27 11:50:58,137 - WARNING - Using CPU. Note: This module is much faster with a GPU.
2025-07-27 11:50:58,138 - WARNING - Downloading detection model, please wait. This may take several minutes depending upon your network connection.
2025-07-27 11:51:03,994 - INFO - Download complete
2025-07-27 11:51:03,994 - WARNING - Downloading recognition model, please wait. This may take several minutes depending upon your network connection.
2025-07-27 11:51:06,742 - INFO - Download complete.
2025-07-27 11:51:07,671 - INFO - OCR识别器初始化成功
2025-07-27 11:51:07,671 - INFO - 开始南京大学电费监控流程（自动无头模式）
2025-07-27 11:51:07,671 - INFO - 已获取登录凭据
2025-07-27 11:51:07,672 - INFO - 正在打开页面: https://epay.nju.edu.cn/epay/h5/nju/electric/index
2025-07-27 11:51:10,918 - INFO - 等待登录表单加载...
2025-07-27 11:51:10,925 - INFO - 登录表单已加载
2025-07-27 11:51:10,925 - INFO - 开始填写登录表单...
2025-07-27 11:51:10,959 - INFO - 用户名填写完成
2025-07-27 11:51:10,993 - INFO - 密码填写完成
2025-07-27 11:51:10,993 - INFO - 检查是否有验证码...
2025-07-27 11:51:10,993 - INFO - 查找验证码图片...
2025-07-27 11:51:11,004 - INFO - 找到验证码图片，开始截图...
2025-07-27 11:51:11,076 - INFO - 验证码图片截取成功
2025-07-27 11:51:11,076 - INFO - 开始填写登录表单...
2025-07-27 11:51:11,110 - INFO - 用户名填写完成
2025-07-27 11:51:11,141 - INFO - 密码填写完成
2025-07-27 11:51:11,142 - INFO - 验证码图片已保存到 D:\Documents\Github\nju_electric_monitor\src\..\data\captcha_debug.png
2025-07-27 11:51:11,142 - INFO - 验证码识别尝试 1/5
2025-07-27 11:51:11,142 - INFO - 开始识别验证码...
2025-07-27 11:51:11,218 - INFO - 验证码识别结果: CXYh
2025-07-27 11:51:11,219 - INFO - 查找验证码输入框...
2025-07-27 11:51:11,275 - INFO - 验证码填写完成
2025-07-27 11:51:11,275 - INFO - 验证码填写完成，点击登录按钮...
2025-07-27 11:51:11,275 - INFO - 查找并点击登录按钮...
2025-07-27 11:51:11,315 - INFO - 已点击登录按钮
2025-07-27 11:51:18,337 - WARNING - 检测到无效的验证码提示，准备重试...
2025-07-27 11:51:18,337 - INFO - 查找验证码图片...
2025-07-27 11:51:18,345 - INFO - 找到验证码图片，开始截图...
2025-07-27 11:51:18,379 - INFO - 验证码图片截取成功
2025-07-27 11:51:18,379 - INFO - 开始填写登录表单...
2025-07-27 11:51:18,429 - INFO - 用户名填写完成
2025-07-27 11:51:18,461 - INFO - 密码填写完成
2025-07-27 11:51:18,462 - INFO - 验证码图片已保存到 D:\Documents\Github\nju_electric_monitor\src\..\data\captcha_debug.png
2025-07-27 11:51:18,462 - INFO - 验证码识别尝试 2/5
2025-07-27 11:51:18,462 - INFO - 开始识别验证码...
2025-07-27 11:51:18,517 - INFO - 验证码识别结果: NbEX
2025-07-27 11:51:18,517 - INFO - 查找验证码输入框...
2025-07-27 11:51:18,547 - INFO - 验证码填写完成
2025-07-27 11:51:18,548 - INFO - 验证码填写完成，点击登录按钮...
2025-07-27 11:51:18,548 - INFO - 查找并点击登录按钮...
2025-07-27 11:51:20,018 - INFO - 已点击登录按钮
2025-07-27 11:51:27,023 - INFO - 未检测到无效验证码提示，验证码通过
2025-07-27 11:51:27,023 - INFO - 查找并点击登录按钮...
2025-07-27 11:51:27,027 - ERROR - 未找到登录按钮
2025-07-27 11:51:27,027 - ERROR - 点击登录按钮失败
2025-07-27 11:51:27,027 - INFO - 等待登录成功...
2025-07-27 11:51:32,030 - INFO - 登录可能成功，继续下一步...
2025-07-27 11:51:32,030 - INFO - 查找'去充值'按钮...
2025-07-27 11:51:32,532 - INFO - 已点击充值按钮
2025-07-27 11:51:35,532 - INFO - 开始提取剩余电量信息...
2025-07-27 11:51:35,535 - INFO - 页面源码已保存到 D:\Documents\Github\nju_electric_monitor\src\..\data\debug_page_source.html
2025-07-27 11:51:35,544 - INFO - 找到电量信息元素: 持卡人姓名：吴相民
2025-07-27 11:51:35,544 - WARNING - 未在元素中找到标准格式的电量信息
2025-07-27 11:51:35,557 - INFO - 找到i标签中的电量信息: 吴相民
2025-07-27 11:51:35,557 - WARNING - i标签中未找到标准格式的电量信息
2025-07-27 11:51:35,558 - INFO - 在页面源码中查找电量信息...
2025-07-27 11:51:35,559 - INFO - 从页面源码中提取到剩余电量: 21.75 度
2025-07-27 11:51:35,559 - INFO - 数据已保存: 21.75 度
2025-07-27 11:51:35,559 - INFO - 监控流程完成
2025-07-27 13:08:32,565 - INFO - 使用本地ChromeDriver: D:\Documents\Github\nju_electric_monitor\src\..\chromedriver-win64\chromedriver.exe
2025-07-27 13:08:32,566 - WARNING - Using CPU. Note: This module is much faster with a GPU.
2025-07-27 13:08:34,650 - INFO - OCR识别器初始化成功
2025-07-27 13:08:34,651 - INFO - 开始南京大学电费监控流程（自动无头模式）
2025-07-27 13:08:34,651 - INFO - 已获取登录凭据
2025-07-27 13:08:34,651 - INFO - 正在打开页面: https://epay.nju.edu.cn/epay/h5/nju/electric/index
2025-07-27 13:08:37,905 - INFO - 等待登录表单加载...
2025-07-27 13:08:37,910 - INFO - 登录表单已加载
2025-07-27 13:08:37,910 - INFO - 开始填写登录表单...
2025-07-27 13:08:37,951 - INFO - 用户名填写完成
2025-07-27 13:08:37,987 - INFO - 密码填写完成
2025-07-27 13:08:37,987 - INFO - 检查是否有验证码...
2025-07-27 13:08:37,987 - INFO - 查找验证码图片...
2025-07-27 13:08:37,999 - INFO - 找到验证码图片，开始截图...
2025-07-27 13:08:38,065 - INFO - 验证码图片截取成功
2025-07-27 13:08:38,065 - INFO - 开始填写登录表单...
2025-07-27 13:08:38,106 - INFO - 用户名填写完成
2025-07-27 13:08:38,149 - INFO - 密码填写完成
2025-07-27 13:08:38,150 - INFO - 验证码图片已保存到 D:\Documents\Github\nju_electric_monitor\src\..\data\captcha_debug.png
2025-07-27 13:08:38,150 - INFO - 验证码识别尝试 1/5
2025-07-27 13:08:38,151 - INFO - 开始识别验证码...
2025-07-27 13:08:38,283 - INFO - 验证码识别结果: C84
2025-07-27 13:08:38,283 - INFO - 查找验证码输入框...
2025-07-27 13:08:38,329 - INFO - 验证码填写完成
2025-07-27 13:08:38,329 - INFO - 验证码填写完成，点击登录按钮...
2025-07-27 13:08:38,329 - INFO - 查找并点击登录按钮...
2025-07-27 13:08:38,400 - INFO - 已点击登录按钮
2025-07-27 13:08:45,425 - WARNING - 检测到无效的验证码提示，准备重试...
2025-07-27 13:08:45,425 - INFO - 查找验证码图片...
2025-07-27 13:08:45,449 - INFO - 找到验证码图片，开始截图...
2025-07-27 13:08:45,495 - INFO - 验证码图片截取成功
2025-07-27 13:08:45,495 - INFO - 开始填写登录表单...
2025-07-27 13:08:45,531 - INFO - 用户名填写完成
2025-07-27 13:08:45,563 - INFO - 密码填写完成
2025-07-27 13:08:45,564 - INFO - 验证码图片已保存到 D:\Documents\Github\nju_electric_monitor\src\..\data\captcha_debug.png
2025-07-27 13:08:45,564 - INFO - 验证码识别尝试 2/5
2025-07-27 13:08:45,564 - INFO - 开始识别验证码...
2025-07-27 13:08:45,645 - INFO - 验证码识别结果: 8BDP
2025-07-27 13:08:45,645 - INFO - 查找验证码输入框...
2025-07-27 13:08:45,681 - INFO - 验证码填写完成
2025-07-27 13:08:45,681 - INFO - 验证码填写完成，点击登录按钮...
2025-07-27 13:08:45,681 - INFO - 查找并点击登录按钮...
2025-07-27 13:08:45,725 - INFO - 已点击登录按钮
2025-07-27 13:08:52,732 - INFO - 未检测到无效验证码提示，验证码通过
2025-07-27 13:08:52,732 - INFO - 查找并点击登录按钮...
2025-07-27 13:08:52,736 - ERROR - 未找到登录按钮
2025-07-27 13:08:52,736 - ERROR - 点击登录按钮失败
2025-07-27 13:08:52,736 - INFO - 等待登录成功...
2025-07-27 13:08:57,739 - INFO - 登录可能成功，继续下一步...
2025-07-27 13:08:57,740 - INFO - 查找'去充值'按钮...
2025-07-27 13:08:58,262 - INFO - 已点击充值按钮
2025-07-27 13:09:01,262 - INFO - 开始提取剩余电量信息...
2025-07-27 13:09:01,264 - INFO - 页面源码已保存到 D:\Documents\Github\nju_electric_monitor\src\..\data\debug_page_source.html
2025-07-27 13:09:01,273 - INFO - 找到电量信息元素: 持卡人姓名：吴相民
2025-07-27 13:09:01,273 - WARNING - 未在元素中找到标准格式的电量信息
2025-07-27 13:09:01,283 - INFO - 找到i标签中的电量信息: 吴相民
2025-07-27 13:09:01,284 - WARNING - i标签中未找到标准格式的电量信息
2025-07-27 13:09:01,285 - INFO - 在页面源码中查找电量信息...
2025-07-27 13:09:01,285 - INFO - 从页面源码中提取到剩余电量: 21.75 度
2025-07-27 13:09:01,286 - INFO - 数据已保存: 21.75 度
2025-07-27 13:09:01,286 - INFO - 监控流程完成
2025-07-28 10:59:36,102 - INFO - 使用本地ChromeDriver: D:\Documents\Github\nju_electric_monitor\src\..\chromedriver-win64\chromedriver.exe
2025-07-28 10:59:36,103 - WARNING - Using CPU. Note: This module is much faster with a GPU.
2025-07-28 10:59:38,146 - INFO - OCR识别器初始化成功
2025-07-28 10:59:38,147 - INFO - 开始南京大学电费监控流程（自动无头模式）
2025-07-28 10:59:38,147 - INFO - 已获取登录凭据
2025-07-28 10:59:38,147 - INFO - 正在打开页面: https://epay.nju.edu.cn/epay/h5/nju/electric/index
2025-07-28 10:59:41,348 - INFO - 等待登录表单加载...
2025-07-28 10:59:41,353 - INFO - 登录表单已加载
2025-07-28 10:59:41,353 - INFO - 开始填写登录表单...
2025-07-28 10:59:41,392 - INFO - 用户名填写完成
2025-07-28 10:59:41,441 - INFO - 密码填写完成
2025-07-28 10:59:41,441 - INFO - 检查是否有验证码...
2025-07-28 10:59:41,442 - INFO - 查找验证码图片...
2025-07-28 10:59:41,461 - INFO - 找到验证码图片，开始截图...
2025-07-28 10:59:41,530 - INFO - 验证码图片截取成功
2025-07-28 10:59:41,530 - INFO - 开始填写登录表单...
2025-07-28 10:59:41,566 - INFO - 用户名填写完成
2025-07-28 10:59:41,616 - INFO - 密码填写完成
2025-07-28 10:59:41,618 - INFO - 验证码图片已保存到 D:\Documents\Github\nju_electric_monitor\src\..\data\captcha_debug.png
2025-07-28 10:59:41,619 - INFO - 验证码识别尝试 1/5
2025-07-28 10:59:41,619 - INFO - 开始识别验证码...
2025-07-28 10:59:41,796 - INFO - 验证码识别结果: 36KH
2025-07-28 10:59:41,797 - INFO - 查找验证码输入框...
2025-07-28 10:59:41,837 - INFO - 验证码填写完成
2025-07-28 10:59:41,837 - INFO - 验证码填写完成，点击登录按钮...
2025-07-28 10:59:41,837 - INFO - 查找并点击登录按钮...
2025-07-28 10:59:43,676 - INFO - 已点击登录按钮
2025-07-28 10:59:50,683 - INFO - 未检测到无效验证码提示，验证码通过
2025-07-28 10:59:50,685 - INFO - 查找并点击登录按钮...
2025-07-28 10:59:50,688 - ERROR - 未找到登录按钮
2025-07-28 10:59:50,688 - ERROR - 点击登录按钮失败
2025-07-28 10:59:50,689 - INFO - 等待登录成功...
2025-07-28 10:59:55,694 - INFO - 登录可能成功，继续下一步...
2025-07-28 10:59:55,694 - INFO - 查找'去充值'按钮...
2025-07-28 10:59:56,218 - INFO - 已点击充值按钮
2025-07-28 10:59:59,219 - INFO - 开始提取剩余电量信息...
2025-07-28 10:59:59,221 - INFO - 页面源码已保存到 D:\Documents\Github\nju_electric_monitor\src\..\data\debug_page_source.html
2025-07-28 10:59:59,233 - INFO - 找到电量信息元素: 持卡人姓名：吴相民
2025-07-28 10:59:59,234 - WARNING - 未在元素中找到标准格式的电量信息
2025-07-28 10:59:59,241 - INFO - 找到i标签中的电量信息: 吴相民
2025-07-28 10:59:59,243 - WARNING - i标签中未找到标准格式的电量信息
2025-07-28 10:59:59,244 - INFO - 在页面源码中查找电量信息...
2025-07-28 10:59:59,245 - INFO - 从页面源码中提取到剩余电量: 9.62 度
2025-07-28 10:59:59,245 - INFO - 数据已保存: 9.62 度
2025-07-28 10:59:59,245 - INFO - 监控流程完成
2025-07-28 11:04:40,543 - INFO - 使用本地ChromeDriver: D:\Documents\Github\nju_electric_monitor\src\..\chromedriver-win64\chromedriver.exe
2025-07-28 11:04:40,543 - WARNING - Using CPU. Note: This module is much faster with a GPU.
2025-07-28 11:04:42,554 - INFO - OCR识别器初始化成功
2025-07-28 11:04:42,555 - INFO - 开始南京大学电费监控流程（自动无头模式）
2025-07-28 11:04:42,555 - INFO - 已获取登录凭据
2025-07-28 11:04:42,555 - INFO - 正在打开页面: https://epay.nju.edu.cn/epay/h5/nju/electric/index
2025-07-28 11:04:45,760 - INFO - 等待登录表单加载...
2025-07-28 11:04:45,769 - INFO - 登录表单已加载
2025-07-28 11:04:45,769 - INFO - 开始填写登录表单...
2025-07-28 11:04:45,807 - INFO - 用户名填写完成
2025-07-28 11:04:45,848 - INFO - 密码填写完成
2025-07-28 11:04:45,848 - INFO - 检查是否有验证码...
2025-07-28 11:04:45,848 - INFO - 查找验证码图片...
2025-07-28 11:04:45,862 - INFO - 找到验证码图片，开始截图...
2025-07-28 11:04:45,929 - INFO - 验证码图片截取成功
2025-07-28 11:04:45,930 - INFO - 开始填写登录表单...
2025-07-28 11:04:45,968 - INFO - 用户名填写完成
2025-07-28 11:04:46,002 - INFO - 密码填写完成
2025-07-28 11:04:46,003 - INFO - 验证码图片已保存到 D:\Documents\Github\nju_electric_monitor\src\..\data\captcha_debug.png
2025-07-28 11:04:46,003 - INFO - 验证码识别尝试 1/5
2025-07-28 11:04:46,003 - INFO - 开始识别验证码...
2025-07-28 11:04:46,108 - INFO - 验证码识别结果: dHZF
2025-07-28 11:04:46,108 - INFO - 查找验证码输入框...
2025-07-28 11:04:46,152 - INFO - 验证码填写完成
2025-07-28 11:04:46,153 - INFO - 验证码填写完成，点击登录按钮...
2025-07-28 11:04:46,153 - INFO - 查找并点击登录按钮...
2025-07-28 11:04:47,776 - INFO - 已点击登录按钮
2025-07-28 11:04:54,785 - INFO - 未检测到无效验证码提示，验证码通过
2025-07-28 11:04:54,785 - INFO - 查找并点击登录按钮...
2025-07-28 11:04:54,788 - ERROR - 未找到登录按钮
2025-07-28 11:04:54,788 - ERROR - 点击登录按钮失败
2025-07-28 11:04:54,788 - INFO - 等待登录成功...
2025-07-28 11:04:59,792 - INFO - 登录可能成功，继续下一步...
2025-07-28 11:04:59,792 - INFO - 查找'去充值'按钮...
2025-07-28 11:05:00,341 - INFO - 已点击充值按钮
2025-07-28 11:05:03,343 - INFO - 开始提取剩余电量信息...
2025-07-28 11:05:03,345 - INFO - 页面源码已保存到 D:\Documents\Github\nju_electric_monitor\src\..\data\debug_page_source.html
2025-07-28 11:05:03,356 - INFO - 找到电量信息元素: 持卡人姓名：吴相民
2025-07-28 11:05:03,356 - WARNING - 未在元素中找到标准格式的电量信息
2025-07-28 11:05:03,364 - INFO - 找到i标签中的电量信息: 吴相民
2025-07-28 11:05:03,364 - WARNING - i标签中未找到标准格式的电量信息
2025-07-28 11:05:03,366 - INFO - 在页面源码中查找电量信息...
2025-07-28 11:05:03,366 - INFO - 从页面源码中提取到剩余电量: 9.62 度
2025-07-28 11:05:03,367 - INFO - 数据已保存: 9.62 度
2025-07-28 11:05:03,367 - INFO - 监控流程完成
2025-07-28 11:11:18,517 - INFO - 使用本地ChromeDriver: d:\Documents\Github\nju_electric_monitor\src\..\chromedriver-win64\chromedriver.exe
2025-07-28 11:11:18,517 - WARNING - Using CPU. Note: This module is much faster with a GPU.
2025-07-28 11:11:19,630 - INFO - OCR识别器初始化成功
2025-07-28 11:11:19,630 - INFO - 开始南京大学电费监控流程（自动无头模式）
2025-07-28 11:11:19,630 - INFO - 已获取登录凭据
2025-07-28 11:11:19,630 - INFO - 正在打开页面: https://epay.nju.edu.cn/epay/h5/nju/electric/index
2025-07-28 11:11:22,838 - INFO - 等待登录表单加载...
2025-07-28 11:11:22,843 - INFO - 登录表单已加载
2025-07-28 11:11:22,843 - INFO - 开始填写登录表单...
2025-07-28 11:11:22,889 - INFO - 用户名填写完成
2025-07-28 11:11:22,922 - INFO - 密码填写完成
2025-07-28 11:11:22,922 - INFO - 检查是否有验证码...
2025-07-28 11:11:22,922 - INFO - 查找验证码图片...
2025-07-28 11:11:22,932 - INFO - 找到验证码图片，开始截图...
2025-07-28 11:11:22,994 - INFO - 验证码图片截取成功
2025-07-28 11:11:22,995 - INFO - 开始填写登录表单...
2025-07-28 11:11:23,026 - INFO - 用户名填写完成
2025-07-28 11:11:23,057 - INFO - 密码填写完成
2025-07-28 11:11:23,058 - INFO - 验证码图片已保存到 d:\Documents\Github\nju_electric_monitor\src\..\data\captcha_debug.png
2025-07-28 11:11:23,058 - INFO - 验证码识别尝试 1/5
2025-07-28 11:11:23,058 - INFO - 开始识别验证码...
2025-07-28 11:11:23,150 - WARNING - 验证码识别结果为空
2025-07-28 11:11:23,150 - INFO - 尝试不同的图像处理参数...
2025-07-28 11:11:23,194 - INFO - 方法2识别结果: KE3F
2025-07-28 11:11:23,194 - INFO - 查找验证码输入框...
2025-07-28 11:11:23,222 - INFO - 验证码填写完成
2025-07-28 11:11:23,223 - INFO - 验证码填写完成，点击登录按钮...
2025-07-28 11:11:23,223 - INFO - 查找并点击登录按钮...
2025-07-28 11:11:24,936 - INFO - 已点击登录按钮
2025-07-28 11:11:31,943 - INFO - 未检测到无效验证码提示，验证码通过
2025-07-28 11:11:31,943 - INFO - 查找并点击登录按钮...
2025-07-28 11:11:31,946 - ERROR - 未找到登录按钮
2025-07-28 11:11:31,946 - ERROR - 点击登录按钮失败
2025-07-28 11:11:31,946 - INFO - 等待登录成功...
2025-07-28 11:11:36,950 - INFO - 登录可能成功，继续下一步...
2025-07-28 11:11:36,950 - INFO - 查找'去充值'按钮...
2025-07-28 11:11:37,446 - INFO - 已点击充值按钮
2025-07-28 11:11:40,447 - INFO - 开始提取剩余电量信息...
2025-07-28 11:11:40,450 - INFO - 页面源码已保存到 d:\Documents\Github\nju_electric_monitor\src\..\data\debug_page_source.html
2025-07-28 11:11:40,460 - INFO - 找到电量信息元素: 持卡人姓名：吴相民
2025-07-28 11:11:40,460 - WARNING - 未在元素中找到标准格式的电量信息
2025-07-28 11:11:40,484 - INFO - 找到i标签中的电量信息: 吴相民
2025-07-28 11:11:40,484 - WARNING - i标签中未找到标准格式的电量信息
2025-07-28 11:11:40,485 - INFO - 在页面源码中查找电量信息...
2025-07-28 11:11:40,485 - INFO - 从页面源码中提取到剩余电量: 9.62 度
2025-07-28 11:11:40,486 - INFO - 数据已保存: 9.62 度
2025-07-28 11:11:40,486 - INFO - 监控流程完成
2025-07-28 11:15:30,131 - INFO - 使用本地ChromeDriver: d:\Documents\Github\nju_electric_monitor\src\..\chromedriver-win64\chromedriver.exe
2025-07-28 11:15:30,132 - WARNING - Using CPU. Note: This module is much faster with a GPU.
2025-07-28 11:15:31,242 - INFO - OCR识别器初始化成功
2025-07-28 11:15:31,243 - INFO - 开始南京大学电费监控流程（自动无头模式）
2025-07-28 11:15:31,243 - INFO - 已获取登录凭据
2025-07-28 11:15:31,243 - INFO - 正在打开页面: https://epay.nju.edu.cn/epay/h5/nju/electric/index
2025-07-28 11:15:34,436 - INFO - 等待登录表单加载...
2025-07-28 11:15:34,442 - INFO - 登录表单已加载
2025-07-28 11:15:34,443 - INFO - 开始填写登录表单...
2025-07-28 11:15:34,477 - INFO - 用户名填写完成
2025-07-28 11:15:34,510 - INFO - 密码填写完成
2025-07-28 11:15:34,510 - INFO - 检查是否有验证码...
2025-07-28 11:15:34,510 - INFO - 查找验证码图片...
2025-07-28 11:15:34,521 - INFO - 找到验证码图片，开始截图...
2025-07-28 11:15:34,587 - INFO - 验证码图片截取成功
2025-07-28 11:15:34,587 - INFO - 开始填写登录表单...
2025-07-28 11:15:34,619 - INFO - 用户名填写完成
2025-07-28 11:15:34,652 - INFO - 密码填写完成
2025-07-28 11:15:34,653 - INFO - 验证码图片已保存到 d:\Documents\Github\nju_electric_monitor\src\..\data\captcha_debug.png
2025-07-28 11:15:34,653 - INFO - 验证码识别尝试 1/5
2025-07-28 11:15:34,653 - INFO - 开始识别验证码...
2025-07-28 11:15:34,740 - INFO - 验证码识别结果: VCNA
2025-07-28 11:15:34,740 - INFO - 查找验证码输入框...
2025-07-28 11:15:34,770 - INFO - 验证码填写完成
2025-07-28 11:15:34,770 - INFO - 验证码填写完成，点击登录按钮...
2025-07-28 11:15:34,770 - INFO - 查找并点击登录按钮...
2025-07-28 11:15:34,822 - INFO - 已点击登录按钮
2025-07-28 11:15:41,841 - WARNING - 检测到无效的验证码提示，准备重试...
2025-07-28 11:15:41,842 - INFO - 查找验证码图片...
2025-07-28 11:15:41,847 - INFO - 找到验证码图片，开始截图...
2025-07-28 11:15:41,898 - INFO - 验证码图片截取成功
2025-07-28 11:15:41,899 - INFO - 开始填写登录表单...
2025-07-28 11:15:41,936 - INFO - 用户名填写完成
2025-07-28 11:15:41,978 - INFO - 密码填写完成
2025-07-28 11:15:41,979 - INFO - 验证码图片已保存到 d:\Documents\Github\nju_electric_monitor\src\..\data\captcha_debug.png
2025-07-28 11:15:41,979 - INFO - 验证码识别尝试 2/5
2025-07-28 11:15:41,979 - INFO - 开始识别验证码...
2025-07-28 11:15:42,032 - INFO - 验证码识别结果: XBHd
2025-07-28 11:15:42,033 - INFO - 查找验证码输入框...
2025-07-28 11:15:42,060 - INFO - 验证码填写完成
2025-07-28 11:15:42,060 - INFO - 验证码填写完成，点击登录按钮...
2025-07-28 11:15:42,060 - INFO - 查找并点击登录按钮...
2025-07-28 11:15:43,696 - INFO - 已点击登录按钮
2025-07-28 11:15:50,703 - INFO - 未检测到无效验证码提示，验证码通过
2025-07-28 11:15:50,703 - INFO - 查找并点击登录按钮...
2025-07-28 11:15:50,720 - ERROR - 未找到登录按钮
2025-07-28 11:15:50,720 - ERROR - 点击登录按钮失败
2025-07-28 11:15:50,720 - INFO - 等待登录成功...
2025-07-28 11:15:55,725 - INFO - 登录可能成功，继续下一步...
2025-07-28 11:15:55,725 - INFO - 查找'去充值'按钮...
2025-07-28 11:15:56,290 - INFO - 已点击充值按钮
2025-07-28 11:15:59,291 - INFO - 开始提取剩余电量信息...
2025-07-28 11:15:59,296 - INFO - 页面源码已保存到 d:\Documents\Github\nju_electric_monitor\src\..\data\debug_page_source.html
2025-07-28 11:15:59,307 - INFO - 找到电量信息元素: 持卡人姓名：吴相民
2025-07-28 11:15:59,308 - WARNING - 未在元素中找到标准格式的电量信息
2025-07-28 11:15:59,315 - INFO - 找到i标签中的电量信息: 吴相民
2025-07-28 11:15:59,316 - WARNING - i标签中未找到标准格式的电量信息
2025-07-28 11:15:59,317 - INFO - 在页面源码中查找电量信息...
2025-07-28 11:15:59,317 - INFO - 从页面源码中提取到剩余电量: 9.62 度
2025-07-28 11:15:59,318 - ERROR - 保存数据时出错: dict contains fields not in fieldnames: 'timestamp', 'remaining_electricity'
2025-07-28 11:15:59,318 - INFO - 监控流程完成
2025-07-28 11:16:54,989 - INFO - 使用本地ChromeDriver: d:\Documents\Github\nju_electric_monitor\src\..\chromedriver-win64\chromedriver.exe
2025-07-28 11:16:54,989 - WARNING - Using CPU. Note: This module is much faster with a GPU.
2025-07-28 11:16:56,084 - INFO - OCR识别器初始化成功
2025-07-28 11:16:56,084 - INFO - 开始南京大学电费监控流程（自动无头模式）
2025-07-28 11:16:56,084 - INFO - 已获取登录凭据
2025-07-28 11:16:56,084 - INFO - 正在打开页面: https://epay.nju.edu.cn/epay/h5/nju/electric/index
2025-07-28 11:16:59,288 - INFO - 等待登录表单加载...
2025-07-28 11:16:59,293 - INFO - 登录表单已加载
2025-07-28 11:16:59,293 - INFO - 开始填写登录表单...
2025-07-28 11:16:59,328 - INFO - 用户名填写完成
2025-07-28 11:16:59,361 - INFO - 密码填写完成
2025-07-28 11:16:59,362 - INFO - 检查是否有验证码...
2025-07-28 11:16:59,362 - INFO - 查找验证码图片...
2025-07-28 11:16:59,373 - INFO - 找到验证码图片，开始截图...
2025-07-28 11:16:59,433 - INFO - 验证码图片截取成功
2025-07-28 11:16:59,434 - INFO - 开始填写登录表单...
2025-07-28 11:16:59,468 - INFO - 用户名填写完成
2025-07-28 11:16:59,499 - INFO - 密码填写完成
2025-07-28 11:16:59,500 - INFO - 验证码图片已保存到 d:\Documents\Github\nju_electric_monitor\src\..\data\captcha_debug.png
2025-07-28 11:16:59,501 - INFO - 验证码识别尝试 1/5
2025-07-28 11:16:59,501 - INFO - 开始识别验证码...
2025-07-28 11:16:59,591 - WARNING - 验证码识别结果为空
2025-07-28 11:16:59,591 - INFO - 尝试不同的图像处理参数...
2025-07-28 11:16:59,809 - WARNING - 所有识别方法都失败了
2025-07-28 11:16:59,810 - WARNING - 验证码识别失败，尝试 1
2025-07-28 11:16:59,810 - INFO - 开始填写登录表单...
2025-07-28 11:16:59,839 - INFO - 用户名填写完成
2025-07-28 11:16:59,868 - INFO - 密码填写完成
2025-07-28 11:16:59,869 - INFO - 验证码图片已保存到 d:\Documents\Github\nju_electric_monitor\src\..\data\captcha_debug.png
2025-07-28 11:16:59,869 - INFO - 验证码识别尝试 2/5
2025-07-28 11:16:59,869 - INFO - 开始识别验证码...
2025-07-28 11:16:59,918 - WARNING - 验证码识别结果为空
2025-07-28 11:16:59,919 - INFO - 尝试不同的图像处理参数...
2025-07-28 11:17:00,128 - WARNING - 所有识别方法都失败了
2025-07-28 11:17:00,128 - WARNING - 验证码识别失败，尝试 2
2025-07-28 11:17:00,128 - INFO - 开始填写登录表单...
2025-07-28 11:17:00,181 - INFO - 用户名填写完成
2025-07-28 11:17:00,211 - INFO - 密码填写完成
2025-07-28 11:17:00,211 - INFO - 验证码图片已保存到 d:\Documents\Github\nju_electric_monitor\src\..\data\captcha_debug.png
2025-07-28 11:17:00,212 - INFO - 验证码识别尝试 3/5
2025-07-28 11:17:00,212 - INFO - 开始识别验证码...
2025-07-28 11:17:00,261 - WARNING - 验证码识别结果为空
2025-07-28 11:17:00,261 - INFO - 尝试不同的图像处理参数...
2025-07-28 11:17:00,468 - WARNING - 所有识别方法都失败了
2025-07-28 11:17:00,469 - WARNING - 验证码识别失败，尝试 3
2025-07-28 11:17:00,469 - INFO - 开始填写登录表单...
2025-07-28 11:17:00,499 - INFO - 用户名填写完成
2025-07-28 11:17:00,528 - INFO - 密码填写完成
2025-07-28 11:17:00,529 - INFO - 验证码图片已保存到 d:\Documents\Github\nju_electric_monitor\src\..\data\captcha_debug.png
2025-07-28 11:17:00,529 - INFO - 验证码识别尝试 4/5
2025-07-28 11:17:00,529 - INFO - 开始识别验证码...
2025-07-28 11:17:00,578 - WARNING - 验证码识别结果为空
2025-07-28 11:17:00,579 - INFO - 尝试不同的图像处理参数...
2025-07-28 11:17:00,788 - WARNING - 所有识别方法都失败了
2025-07-28 11:17:00,788 - WARNING - 验证码识别失败，尝试 4
2025-07-28 11:17:00,788 - INFO - 开始填写登录表单...
2025-07-28 11:17:00,819 - INFO - 用户名填写完成
2025-07-28 11:17:00,853 - INFO - 密码填写完成
2025-07-28 11:17:00,854 - INFO - 验证码图片已保存到 d:\Documents\Github\nju_electric_monitor\src\..\data\captcha_debug.png
2025-07-28 11:17:00,854 - INFO - 验证码识别尝试 5/5
2025-07-28 11:17:00,854 - INFO - 开始识别验证码...
2025-07-28 11:17:00,905 - WARNING - 验证码识别结果为空
2025-07-28 11:17:00,905 - INFO - 尝试不同的图像处理参数...
2025-07-28 11:17:01,113 - WARNING - 所有识别方法都失败了
2025-07-28 11:17:01,113 - WARNING - 验证码识别失败，尝试 5
2025-07-28 11:17:01,113 - WARNING - 自动验证码识别失败，请手动输入
2025-07-28 11:17:21,035 - WARNING - 未输入验证码
2025-07-28 11:17:21,035 - WARNING - 验证码处理失败，但继续尝试登录
2025-07-28 11:17:21,035 - INFO - 查找并点击登录按钮...
2025-07-28 11:17:21,069 - INFO - 已点击登录按钮
2025-07-28 11:17:26,069 - INFO - 等待登录成功...
2025-07-28 11:17:31,073 - INFO - 登录可能成功，继续下一步...
2025-07-28 11:17:31,073 - INFO - 查找'去充值'按钮...
2025-07-28 11:17:31,108 - INFO - 已点击充值按钮
2025-07-28 11:17:34,109 - INFO - 开始提取剩余电量信息...
2025-07-28 11:17:34,112 - INFO - 页面源码已保存到 d:\Documents\Github\nju_electric_monitor\src\..\data\debug_page_source.html
2025-07-28 11:17:34,117 - WARNING - 未找到电量信息元素，尝试其他方法...
2025-07-28 11:17:34,122 - WARNING - 未找到i标签中的电量信息
2025-07-28 11:17:34,124 - INFO - 在页面源码中查找电量信息...
2025-07-28 11:17:34,131 - WARNING - 未能提取到剩余电量信息
2025-07-28 11:17:34,131 - WARNING - 没有电量数据可保存
2025-07-28 11:17:34,131 - INFO - 监控流程完成
2025-07-28 11:17:46,349 - INFO - 使用本地ChromeDriver: d:\Documents\Github\nju_electric_monitor\src\..\chromedriver-win64\chromedriver.exe
2025-07-28 11:17:46,350 - WARNING - Using CPU. Note: This module is much faster with a GPU.
2025-07-28 11:17:47,412 - INFO - OCR识别器初始化成功
2025-07-28 11:17:47,412 - INFO - 开始南京大学电费监控流程（自动无头模式）
2025-07-28 11:17:47,412 - INFO - 已获取登录凭据
2025-07-28 11:17:47,412 - INFO - 正在打开页面: https://epay.nju.edu.cn/epay/h5/nju/electric/index
2025-07-28 11:17:50,609 - INFO - 等待登录表单加载...
2025-07-28 11:17:50,617 - INFO - 登录表单已加载
2025-07-28 11:17:50,617 - INFO - 开始填写登录表单...
2025-07-28 11:17:50,664 - INFO - 用户名填写完成
2025-07-28 11:17:50,699 - INFO - 密码填写完成
2025-07-28 11:17:50,700 - INFO - 检查是否有验证码...
2025-07-28 11:17:50,700 - INFO - 查找验证码图片...
2025-07-28 11:17:50,710 - INFO - 找到验证码图片，开始截图...
2025-07-28 11:17:50,747 - INFO - 验证码图片截取成功
2025-07-28 11:17:50,747 - INFO - 开始填写登录表单...
2025-07-28 11:17:50,797 - INFO - 用户名填写完成
2025-07-28 11:17:50,825 - INFO - 密码填写完成
2025-07-28 11:17:50,826 - INFO - 验证码图片已保存到 d:\Documents\Github\nju_electric_monitor\src\..\data\captcha_debug.png
2025-07-28 11:17:50,827 - INFO - 验证码识别尝试 1/5
2025-07-28 11:17:50,827 - INFO - 开始识别验证码...
2025-07-28 11:17:50,917 - WARNING - 验证码识别结果为空
2025-07-28 11:17:50,917 - INFO - 尝试不同的图像处理参数...
2025-07-28 11:17:51,137 - WARNING - 所有识别方法都失败了
2025-07-28 11:17:51,138 - WARNING - 验证码识别失败，尝试 1
2025-07-28 11:17:51,138 - INFO - 开始填写登录表单...
2025-07-28 11:17:51,190 - INFO - 用户名填写完成
2025-07-28 11:17:51,228 - INFO - 密码填写完成
2025-07-28 11:17:51,229 - INFO - 验证码图片已保存到 d:\Documents\Github\nju_electric_monitor\src\..\data\captcha_debug.png
2025-07-28 11:17:51,229 - INFO - 验证码识别尝试 2/5
2025-07-28 11:17:51,229 - INFO - 开始识别验证码...
2025-07-28 11:17:51,281 - WARNING - 验证码识别结果为空
2025-07-28 11:17:51,281 - INFO - 尝试不同的图像处理参数...
2025-07-28 11:17:51,502 - WARNING - 所有识别方法都失败了
2025-07-28 11:17:51,502 - WARNING - 验证码识别失败，尝试 2
2025-07-28 11:17:51,502 - INFO - 开始填写登录表单...
2025-07-28 11:17:51,533 - INFO - 用户名填写完成
2025-07-28 11:17:51,562 - INFO - 密码填写完成
2025-07-28 11:17:51,563 - INFO - 验证码图片已保存到 d:\Documents\Github\nju_electric_monitor\src\..\data\captcha_debug.png
2025-07-28 11:17:51,563 - INFO - 验证码识别尝试 3/5
2025-07-28 11:17:51,563 - INFO - 开始识别验证码...
2025-07-28 11:17:51,614 - WARNING - 验证码识别结果为空
2025-07-28 11:17:51,614 - INFO - 尝试不同的图像处理参数...
2025-07-28 11:17:51,828 - WARNING - 所有识别方法都失败了
2025-07-28 11:17:51,828 - WARNING - 验证码识别失败，尝试 3
2025-07-28 11:17:51,828 - INFO - 开始填写登录表单...
2025-07-28 11:17:51,858 - INFO - 用户名填写完成
2025-07-28 11:17:51,891 - INFO - 密码填写完成
2025-07-28 11:17:51,891 - INFO - 验证码图片已保存到 d:\Documents\Github\nju_electric_monitor\src\..\data\captcha_debug.png
2025-07-28 11:17:51,892 - INFO - 验证码识别尝试 4/5
2025-07-28 11:17:51,892 - INFO - 开始识别验证码...
2025-07-28 11:17:51,942 - WARNING - 验证码识别结果为空
2025-07-28 11:17:51,943 - INFO - 尝试不同的图像处理参数...
2025-07-28 11:17:52,160 - WARNING - 所有识别方法都失败了
2025-07-28 11:17:52,161 - WARNING - 验证码识别失败，尝试 4
2025-07-28 11:17:52,161 - INFO - 开始填写登录表单...
2025-07-28 11:17:52,191 - INFO - 用户名填写完成
2025-07-28 11:17:52,221 - INFO - 密码填写完成
2025-07-28 11:17:52,222 - INFO - 验证码图片已保存到 d:\Documents\Github\nju_electric_monitor\src\..\data\captcha_debug.png
2025-07-28 11:17:52,222 - INFO - 验证码识别尝试 5/5
2025-07-28 11:17:52,222 - INFO - 开始识别验证码...
2025-07-28 11:17:52,273 - WARNING - 验证码识别结果为空
2025-07-28 11:17:52,274 - INFO - 尝试不同的图像处理参数...
2025-07-28 11:17:52,494 - WARNING - 所有识别方法都失败了
2025-07-28 11:17:52,495 - WARNING - 验证码识别失败，尝试 5
2025-07-28 11:17:52,495 - WARNING - 自动验证码识别失败，请手动输入
2025-07-28 11:18:19,229 - WARNING - Retrying (Retry(total=2, connect=None, read=None, redirect=None, status=None)) after connection broken by 'ConnectionResetError(10054, '远程主机强迫关闭了一个现有的连接。', None, 10054, None)': /session/5d70248996b90f7efdd1ce1d60c65b3f
2025-07-28 11:18:42,598 - INFO - 使用本地ChromeDriver: d:\Documents\Github\nju_electric_monitor\src\..\chromedriver-win64\chromedriver.exe
2025-07-28 11:18:42,598 - WARNING - Using CPU. Note: This module is much faster with a GPU.
2025-07-28 11:18:43,691 - INFO - OCR识别器初始化成功
2025-07-28 11:18:43,691 - INFO - 开始南京大学电费监控流程（自动无头模式）
2025-07-28 11:18:43,691 - INFO - 已获取登录凭据
2025-07-28 11:18:43,691 - INFO - 正在打开页面: https://epay.nju.edu.cn/epay/h5/nju/electric/index
2025-07-28 11:18:46,885 - INFO - 等待登录表单加载...
2025-07-28 11:18:46,891 - INFO - 登录表单已加载
2025-07-28 11:18:46,891 - INFO - 开始填写登录表单...
2025-07-28 11:18:46,928 - INFO - 用户名填写完成
2025-07-28 11:18:46,988 - INFO - 密码填写完成
2025-07-28 11:18:46,988 - INFO - 检查是否有验证码...
2025-07-28 11:18:46,989 - INFO - 查找验证码图片...
2025-07-28 11:18:47,000 - INFO - 找到验证码图片，开始截图...
2025-07-28 11:18:47,030 - INFO - 验证码图片截取成功
2025-07-28 11:18:47,030 - INFO - 开始填写登录表单...
2025-07-28 11:18:47,075 - INFO - 用户名填写完成
2025-07-28 11:18:47,113 - INFO - 密码填写完成
2025-07-28 11:18:47,114 - INFO - 验证码图片已保存到 d:\Documents\Github\nju_electric_monitor\src\..\data\captcha_debug.png
2025-07-28 11:18:47,114 - INFO - 验证码识别尝试 1/5
2025-07-28 11:18:47,114 - INFO - 开始识别验证码...
2025-07-28 11:18:47,232 - WARNING - 验证码识别结果为空
2025-07-28 11:18:47,233 - INFO - 尝试不同的图像处理参数...
2025-07-28 11:18:47,310 - INFO - 方法3识别结果: CVK
2025-07-28 11:18:47,310 - INFO - 查找验证码输入框...
2025-07-28 11:18:47,345 - INFO - 验证码填写完成
2025-07-28 11:18:47,345 - INFO - 验证码填写完成，点击登录按钮...
2025-07-28 11:18:47,346 - INFO - 查找并点击登录按钮...
2025-07-28 11:18:47,398 - INFO - 已点击登录按钮
2025-07-28 11:18:54,417 - WARNING - 检测到无效的验证码提示，准备重试...
2025-07-28 11:18:54,418 - INFO - 查找验证码图片...
2025-07-28 11:18:54,424 - INFO - 找到验证码图片，开始截图...
2025-07-28 11:18:54,447 - INFO - 验证码图片截取成功
2025-07-28 11:18:54,448 - INFO - 开始填写登录表单...
2025-07-28 11:18:54,511 - INFO - 用户名填写完成
2025-07-28 11:18:54,557 - INFO - 密码填写完成
2025-07-28 11:18:54,558 - INFO - 验证码图片已保存到 d:\Documents\Github\nju_electric_monitor\src\..\data\captcha_debug.png
2025-07-28 11:18:54,558 - INFO - 验证码识别尝试 2/5
2025-07-28 11:18:54,558 - INFO - 开始识别验证码...
2025-07-28 11:18:54,623 - INFO - 验证码识别结果: kpZH
2025-07-28 11:18:54,623 - INFO - 查找验证码输入框...
2025-07-28 11:18:54,658 - INFO - 验证码填写完成
2025-07-28 11:18:54,658 - INFO - 验证码填写完成，点击登录按钮...
2025-07-28 11:18:54,658 - INFO - 查找并点击登录按钮...
2025-07-28 11:18:56,285 - INFO - 已点击登录按钮
2025-07-28 11:19:03,312 - INFO - 未检测到无效验证码提示，验证码通过
2025-07-28 11:19:03,312 - INFO - 查找并点击登录按钮...
2025-07-28 11:19:03,316 - ERROR - 未找到登录按钮
2025-07-28 11:19:03,317 - ERROR - 点击登录按钮失败
2025-07-28 11:19:03,317 - INFO - 等待登录成功...
2025-07-28 11:19:08,320 - INFO - 登录可能成功，继续下一步...
2025-07-28 11:19:08,321 - INFO - 查找'去充值'按钮...
2025-07-28 11:19:08,844 - INFO - 已点击充值按钮
2025-07-28 11:19:11,845 - INFO - 开始提取剩余电量信息...
2025-07-28 11:19:11,847 - INFO - 页面源码已保存到 d:\Documents\Github\nju_electric_monitor\src\..\data\debug_page_source.html
2025-07-28 11:19:11,855 - INFO - 找到电量信息元素: 持卡人姓名：吴相民
2025-07-28 11:19:11,855 - WARNING - 未在元素中找到标准格式的电量信息
2025-07-28 11:19:11,865 - INFO - 找到i标签中的电量信息: 吴相民
2025-07-28 11:19:11,866 - WARNING - i标签中未找到标准格式的电量信息
2025-07-28 11:19:11,867 - INFO - 在页面源码中查找电量信息...
2025-07-28 11:19:11,867 - INFO - 从页面源码中提取到剩余电量: 9.62 度
2025-07-28 11:19:11,868 - INFO - 数据已保存: 9.62 度
2025-07-28 11:19:11,868 - INFO - 监控流程完成
2025-07-28 11:25:49,455 - INFO - 使用本地ChromeDriver: d:\Documents\Github\nju_electric_monitor\src\..\chromedriver-win64\chromedriver.exe
2025-07-28 11:25:49,455 - WARNING - Using CPU. Note: This module is much faster with a GPU.
2025-07-28 11:25:50,532 - INFO - OCR识别器初始化成功
2025-07-28 11:25:50,532 - INFO - 开始南京大学电费监控流程（自动无头模式）
2025-07-28 11:25:50,533 - INFO - 已获取登录凭据
2025-07-28 11:25:50,533 - INFO - 正在打开页面: https://epay.nju.edu.cn/epay/h5/nju/electric/index
2025-07-28 11:25:53,739 - INFO - 等待登录表单加载...
2025-07-28 11:25:53,744 - INFO - 登录表单已加载
2025-07-28 11:25:53,744 - INFO - 开始填写登录表单...
2025-07-28 11:25:53,809 - INFO - 用户名填写完成
2025-07-28 11:25:53,851 - INFO - 密码填写完成
2025-07-28 11:25:53,851 - INFO - 检查是否有验证码...
2025-07-28 11:25:53,851 - INFO - 查找验证码图片...
2025-07-28 11:25:53,863 - INFO - 找到验证码图片，开始截图...
2025-07-28 11:25:53,888 - INFO - 验证码图片截取成功
2025-07-28 11:25:53,888 - INFO - 开始填写登录表单...
2025-07-28 11:25:53,930 - INFO - 用户名填写完成
2025-07-28 11:25:53,971 - INFO - 密码填写完成
2025-07-28 11:25:53,972 - INFO - 验证码图片已保存到 d:\Documents\Github\nju_electric_monitor\src\..\data\captcha_debug.png
2025-07-28 11:25:53,972 - INFO - 验证码识别尝试 1/5
2025-07-28 11:25:53,973 - INFO - 开始识别验证码...
2025-07-28 11:25:54,075 - INFO - 验证码识别结果: KB52
2025-07-28 11:25:54,075 - INFO - 查找验证码输入框...
2025-07-28 11:25:54,111 - INFO - 验证码填写完成
2025-07-28 11:25:54,111 - INFO - 验证码填写完成，点击登录按钮...
2025-07-28 11:25:54,111 - INFO - 查找并点击登录按钮...
2025-07-28 11:25:55,640 - INFO - 已点击登录按钮
2025-07-28 11:26:02,646 - INFO - 未检测到无效验证码提示，验证码通过
2025-07-28 11:26:02,646 - INFO - 查找并点击登录按钮...
2025-07-28 11:26:02,664 - ERROR - 未找到登录按钮
2025-07-28 11:26:02,665 - ERROR - 点击登录按钮失败
2025-07-28 11:26:02,665 - INFO - 等待登录成功...
2025-07-28 11:26:07,668 - INFO - 登录可能成功，继续下一步...
2025-07-28 11:26:07,668 - INFO - 查找'去充值'按钮...
2025-07-28 11:26:08,300 - INFO - 已点击充值按钮
2025-07-28 11:26:11,301 - INFO - 开始提取剩余电量信息...
2025-07-28 11:26:11,303 - INFO - 页面源码已保存到 d:\Documents\Github\nju_electric_monitor\src\..\data\debug_page_source.html
2025-07-28 11:26:11,314 - INFO - 找到电量信息元素: 持卡人姓名：吴相民
2025-07-28 11:26:11,315 - WARNING - 未在元素中找到标准格式的电量信息
2025-07-28 11:26:11,327 - INFO - 找到i标签中的电量信息: 吴相民
2025-07-28 11:26:11,327 - WARNING - i标签中未找到标准格式的电量信息
2025-07-28 11:26:11,329 - INFO - 在页面源码中查找电量信息...
2025-07-28 11:26:11,330 - INFO - 从页面源码中提取到剩余电量: 9.62 度
2025-07-28 11:26:11,331 - INFO - 数据已保存: 9.62 度
2025-07-28 11:26:11,331 - INFO - 监控流程完成
2025-07-28 12:04:53,742 - INFO - 使用本地ChromeDriver: D:\Documents\Github\nju_electric_monitor\src\..\chromedriver-win64\chromedriver.exe
2025-07-28 12:04:53,743 - WARNING - Using CPU. Note: This module is much faster with a GPU.
2025-07-28 12:04:55,785 - INFO - OCR识别器初始化成功
2025-07-28 12:04:55,785 - INFO - 开始南京大学电费监控流程（自动无头模式）
2025-07-28 12:04:55,785 - INFO - 已获取登录凭据
2025-07-28 12:04:55,785 - INFO - 正在打开页面: https://epay.nju.edu.cn/epay/h5/nju/electric/index
2025-07-28 12:04:59,013 - INFO - 等待登录表单加载...
2025-07-28 12:04:59,020 - INFO - 登录表单已加载
2025-07-28 12:04:59,020 - INFO - 开始填写登录表单...
2025-07-28 12:04:59,057 - INFO - 用户名填写完成
2025-07-28 12:04:59,093 - INFO - 密码填写完成
2025-07-28 12:04:59,093 - INFO - 检查是否有验证码...
2025-07-28 12:04:59,094 - INFO - 查找验证码图片...
2025-07-28 12:04:59,114 - INFO - 找到验证码图片，开始截图...
2025-07-28 12:04:59,167 - INFO - 验证码图片截取成功
2025-07-28 12:04:59,167 - INFO - 开始填写登录表单...
2025-07-28 12:04:59,215 - INFO - 用户名填写完成
2025-07-28 12:04:59,255 - INFO - 密码填写完成
2025-07-28 12:04:59,256 - INFO - 验证码图片已保存到 D:\Documents\Github\nju_electric_monitor\src\..\data\captcha_debug.png
2025-07-28 12:04:59,256 - INFO - 验证码识别尝试 1/5
2025-07-28 12:04:59,256 - INFO - 开始识别验证码...
2025-07-28 12:04:59,371 - WARNING - 验证码识别结果为空
2025-07-28 12:04:59,371 - INFO - 尝试不同的图像处理参数...
2025-07-28 12:04:59,442 - INFO - 方法2识别结果: 8223
2025-07-28 12:04:59,442 - INFO - 查找验证码输入框...
2025-07-28 12:04:59,482 - INFO - 验证码填写完成
2025-07-28 12:04:59,482 - INFO - 验证码填写完成，点击登录按钮...
2025-07-28 12:04:59,482 - INFO - 查找并点击登录按钮...
2025-07-28 12:04:59,547 - INFO - 已点击登录按钮
2025-07-28 12:05:06,564 - WARNING - 检测到无效的验证码提示，准备重试...
2025-07-28 12:05:06,564 - INFO - 查找验证码图片...
2025-07-28 12:05:06,572 - INFO - 找到验证码图片，开始截图...
2025-07-28 12:05:06,612 - INFO - 验证码图片截取成功
2025-07-28 12:05:06,612 - INFO - 开始填写登录表单...
2025-07-28 12:05:06,672 - INFO - 用户名填写完成
2025-07-28 12:05:06,743 - INFO - 密码填写完成
2025-07-28 12:05:06,744 - INFO - 验证码图片已保存到 D:\Documents\Github\nju_electric_monitor\src\..\data\captcha_debug.png
2025-07-28 12:05:06,744 - INFO - 验证码识别尝试 2/5
2025-07-28 12:05:06,744 - INFO - 开始识别验证码...
2025-07-28 12:05:06,823 - WARNING - 验证码识别结果为空
2025-07-28 12:05:06,823 - INFO - 尝试不同的图像处理参数...
2025-07-28 12:05:06,890 - INFO - 方法2识别结果: d4Fd
2025-07-28 12:05:06,890 - INFO - 查找验证码输入框...
2025-07-28 12:05:06,928 - INFO - 验证码填写完成
2025-07-28 12:05:06,928 - INFO - 验证码填写完成，点击登录按钮...
2025-07-28 12:05:06,928 - INFO - 查找并点击登录按钮...
2025-07-28 12:05:06,967 - INFO - 已点击登录按钮
2025-07-28 12:05:13,974 - INFO - 未检测到无效验证码提示，验证码通过
2025-07-28 12:05:13,974 - INFO - 查找并点击登录按钮...
2025-07-28 12:05:13,977 - ERROR - 未找到登录按钮
2025-07-28 12:05:13,977 - ERROR - 点击登录按钮失败
2025-07-28 12:05:13,977 - INFO - 等待登录成功...
2025-07-28 12:05:18,981 - INFO - 登录可能成功，继续下一步...
2025-07-28 12:05:18,981 - INFO - 查找'去充值'按钮...
2025-07-28 12:05:19,805 - INFO - 已点击充值按钮
2025-07-28 12:05:22,806 - INFO - 开始提取剩余电量信息...
2025-07-28 12:05:22,808 - INFO - 页面源码已保存到 D:\Documents\Github\nju_electric_monitor\src\..\data\debug_page_source.html
2025-07-28 12:05:22,816 - INFO - 找到电量信息元素: 持卡人姓名：吴相民
2025-07-28 12:05:22,817 - WARNING - 未在元素中找到标准格式的电量信息
2025-07-28 12:05:22,825 - INFO - 找到i标签中的电量信息: 吴相民
2025-07-28 12:05:22,825 - WARNING - i标签中未找到标准格式的电量信息
2025-07-28 12:05:22,826 - INFO - 在页面源码中查找电量信息...
2025-07-28 12:05:22,826 - INFO - 从页面源码中提取到剩余电量: 9.62 度
2025-07-28 12:05:22,827 - INFO - 数据已保存: 9.62 度
2025-07-28 12:05:22,827 - INFO - 监控流程完成
2025-07-28 12:45:05,120 - INFO - 使用本地ChromeDriver: D:\Documents\Github\nju_electric_monitor\src\..\chromedriver-win64\chromedriver.exe
2025-07-28 12:45:05,121 - WARNING - Using CPU. Note: This module is much faster with a GPU.
2025-07-28 12:45:07,147 - INFO - OCR识别器初始化成功
2025-07-28 12:45:07,147 - INFO - 开始南京大学电费监控流程（自动无头模式）
2025-07-28 12:45:07,148 - INFO - 已获取登录凭据
2025-07-28 12:45:07,148 - INFO - 正在打开页面: https://epay.nju.edu.cn/epay/h5/nju/electric/index
2025-07-28 12:45:10,398 - INFO - 等待登录表单加载...
2025-07-28 12:45:10,404 - INFO - 登录表单已加载
2025-07-28 12:45:10,404 - INFO - 开始填写登录表单...
2025-07-28 12:45:10,476 - INFO - 用户名填写完成
2025-07-28 12:45:10,541 - INFO - 密码填写完成
2025-07-28 12:45:10,541 - INFO - 检查是否有验证码...
2025-07-28 12:45:10,541 - INFO - 查找验证码图片...
2025-07-28 12:45:10,554 - INFO - 找到验证码图片，开始截图...
2025-07-28 12:45:10,621 - INFO - 验证码图片截取成功
2025-07-28 12:45:10,621 - INFO - 开始填写登录表单...
2025-07-28 12:45:10,663 - INFO - 用户名填写完成
2025-07-28 12:45:10,701 - INFO - 密码填写完成
2025-07-28 12:45:10,702 - INFO - 验证码图片已保存到 D:\Documents\Github\nju_electric_monitor\src\..\data\captcha_debug.png
2025-07-28 12:45:10,702 - INFO - 验证码识别尝试 1/5
2025-07-28 12:45:10,703 - INFO - 开始识别验证码...
2025-07-28 12:45:10,818 - INFO - 验证码识别结果: KeB4
2025-07-28 12:45:10,819 - INFO - 查找验证码输入框...
2025-07-28 12:45:10,861 - INFO - 验证码填写完成
2025-07-28 12:45:10,861 - INFO - 验证码填写完成，点击登录按钮...
2025-07-28 12:45:10,861 - INFO - 查找并点击登录按钮...
2025-07-28 12:45:12,841 - INFO - 已点击登录按钮
2025-07-28 12:45:19,848 - INFO - 未检测到无效验证码提示，验证码通过
2025-07-28 12:45:19,848 - INFO - 查找并点击登录按钮...
2025-07-28 12:45:19,851 - ERROR - 未找到登录按钮
2025-07-28 12:45:19,851 - ERROR - 点击登录按钮失败
2025-07-28 12:45:19,851 - INFO - 等待登录成功...
2025-07-28 12:45:24,855 - INFO - 登录可能成功，继续下一步...
2025-07-28 12:45:24,855 - INFO - 查找'去充值'按钮...
2025-07-28 12:45:25,404 - INFO - 已点击充值按钮
2025-07-28 12:45:28,405 - INFO - 开始提取剩余电量信息...
2025-07-28 12:45:28,406 - INFO - 页面源码已保存到 D:\Documents\Github\nju_electric_monitor\src\..\data\debug_page_source.html
2025-07-28 12:45:28,418 - INFO - 找到电量信息元素: 持卡人姓名：吴相民
2025-07-28 12:45:28,418 - WARNING - 未在元素中找到标准格式的电量信息
2025-07-28 12:45:28,425 - INFO - 找到i标签中的电量信息: 吴相民
2025-07-28 12:45:28,425 - WARNING - i标签中未找到标准格式的电量信息
2025-07-28 12:45:28,428 - INFO - 在页面源码中查找电量信息...
2025-07-28 12:45:28,428 - INFO - 从页面源码中提取到剩余电量: 82.06 度
2025-07-28 12:45:28,429 - INFO - 数据已保存: 82.06 度
2025-07-28 12:45:28,429 - INFO - 监控流程完成
2025-07-28 13:04:47,185 - INFO - 使用本地ChromeDriver: D:\Documents\Github\nju_electric_monitor\src\..\chromedriver-win64\chromedriver.exe
2025-07-28 13:04:47,186 - WARNING - Using CPU. Note: This module is much faster with a GPU.
2025-07-28 13:04:48,286 - INFO - OCR识别器初始化成功
2025-07-28 13:04:48,287 - INFO - 开始南京大学电费监控流程（自动无头模式）
2025-07-28 13:04:48,311 - INFO - 已获取登录凭据
2025-07-28 13:04:48,312 - INFO - 正在打开页面: https://epay.nju.edu.cn/epay/h5/nju/electric/index
2025-07-28 13:04:51,532 - INFO - 等待登录表单加载...
2025-07-28 13:04:51,538 - INFO - 登录表单已加载
2025-07-28 13:04:51,538 - INFO - 开始填写登录表单...
2025-07-28 13:04:51,571 - INFO - 用户名填写完成
2025-07-28 13:04:51,604 - INFO - 密码填写完成
2025-07-28 13:04:51,604 - INFO - 检查是否有验证码...
2025-07-28 13:04:51,612 - INFO - 查找验证码图片...
2025-07-28 13:04:51,623 - INFO - 找到验证码图片，开始截图...
2025-07-28 13:04:51,657 - INFO - 验证码图片截取成功
2025-07-28 13:04:51,658 - INFO - 开始填写登录表单...
2025-07-28 13:04:51,690 - INFO - 用户名填写完成
2025-07-28 13:04:51,737 - INFO - 密码填写完成
2025-07-28 13:04:51,738 - INFO - 验证码图片已保存到 D:\Documents\Github\nju_electric_monitor\src\..\data\captcha_debug.png
2025-07-28 13:04:51,739 - INFO - 验证码识别尝试 1/5
2025-07-28 13:04:51,739 - INFO - 开始识别验证码...
2025-07-28 13:04:51,828 - INFO - 验证码识别结果: 76AC
2025-07-28 13:04:51,828 - INFO - 查找验证码输入框...
2025-07-28 13:04:51,863 - INFO - 验证码填写完成
2025-07-28 13:04:51,863 - INFO - 验证码填写完成，点击登录按钮...
2025-07-28 13:04:51,863 - INFO - 查找并点击登录按钮...
2025-07-28 13:04:51,918 - INFO - 已点击登录按钮
2025-07-28 13:04:58,933 - WARNING - 检测到无效的验证码提示，准备重试...
2025-07-28 13:04:58,934 - INFO - 查找验证码图片...
2025-07-28 13:04:58,963 - INFO - 找到验证码图片，开始截图...
2025-07-28 13:04:59,002 - INFO - 验证码图片截取成功
2025-07-28 13:04:59,002 - INFO - 开始填写登录表单...
2025-07-28 13:04:59,042 - INFO - 用户名填写完成
2025-07-28 13:04:59,071 - INFO - 密码填写完成
2025-07-28 13:04:59,071 - INFO - 验证码图片已保存到 D:\Documents\Github\nju_electric_monitor\src\..\data\captcha_debug.png
2025-07-28 13:04:59,072 - INFO - 验证码识别尝试 2/5
2025-07-28 13:04:59,072 - INFO - 开始识别验证码...
2025-07-28 13:04:59,127 - INFO - 验证码识别结果: 7an6
2025-07-28 13:04:59,127 - INFO - 查找验证码输入框...
2025-07-28 13:04:59,155 - INFO - 验证码填写完成
2025-07-28 13:04:59,156 - INFO - 验证码填写完成，点击登录按钮...
2025-07-28 13:04:59,156 - INFO - 查找并点击登录按钮...
2025-07-28 13:05:00,766 - INFO - 已点击登录按钮
2025-07-28 13:05:07,771 - INFO - 未检测到无效验证码提示，验证码通过
2025-07-28 13:05:07,771 - INFO - 查找并点击登录按钮...
2025-07-28 13:05:07,776 - ERROR - 未找到登录按钮
2025-07-28 13:05:07,776 - ERROR - 点击登录按钮失败
2025-07-28 13:05:07,776 - INFO - 等待登录成功...
2025-07-28 13:05:12,779 - INFO - 登录可能成功，继续下一步...
2025-07-28 13:05:12,779 - INFO - 查找'去充值'按钮...
2025-07-28 13:05:13,282 - INFO - 已点击充值按钮
2025-07-28 13:05:16,282 - INFO - 开始提取剩余电量信息...
2025-07-28 13:05:16,285 - INFO - 页面源码已保存到 D:\Documents\Github\nju_electric_monitor\src\..\data\debug_page_source.html
2025-07-28 13:05:16,300 - INFO - 找到电量信息元素: 持卡人姓名：吴相民
2025-07-28 13:05:16,300 - WARNING - 未在元素中找到标准格式的电量信息
2025-07-28 13:05:16,308 - INFO - 找到i标签中的电量信息: 吴相民
2025-07-28 13:05:16,319 - WARNING - i标签中未找到标准格式的电量信息
2025-07-28 13:05:16,320 - INFO - 在页面源码中查找电量信息...
2025-07-28 13:05:16,321 - INFO - 从页面源码中提取到剩余电量: 82.06 度
2025-07-28 13:05:16,322 - INFO - 数据已保存: 82.06 度
2025-07-28 13:05:16,322 - INFO - 监控流程完成
2025-07-28 13:20:33,536 - INFO - 使用本地ChromeDriver: d:\Documents\Github\nju_electric_monitor\src\..\chromedriver-win64\chromedriver.exe
2025-07-28 13:20:33,537 - WARNING - Using CPU. Note: This module is much faster with a GPU.
2025-07-28 13:20:34,643 - INFO - OCR识别器初始化成功
2025-07-28 13:20:34,644 - INFO - 开始南京大学电费监控流程（自动无头模式）
2025-07-28 13:20:34,644 - INFO - 已获取登录凭据
2025-07-28 13:20:34,644 - INFO - 正在打开页面: https://epay.nju.edu.cn/epay/h5/nju/electric/index
2025-07-28 13:20:37,865 - INFO - 等待登录表单加载...
2025-07-28 13:20:37,870 - INFO - 登录表单已加载
2025-07-28 13:20:37,870 - INFO - 开始填写登录表单...
2025-07-28 13:20:37,907 - INFO - 用户名填写完成
2025-07-28 13:20:37,954 - INFO - 密码填写完成
2025-07-28 13:20:37,954 - INFO - 检查是否有验证码...
2025-07-28 13:20:37,954 - INFO - 查找验证码图片...
2025-07-28 13:20:37,965 - INFO - 找到验证码图片，开始截图...
2025-07-28 13:20:38,002 - INFO - 验证码图片截取成功
2025-07-28 13:20:38,002 - INFO - 开始填写登录表单...
2025-07-28 13:20:38,036 - INFO - 用户名填写完成
2025-07-28 13:20:38,071 - INFO - 密码填写完成
2025-07-28 13:20:38,072 - INFO - 验证码图片已保存到 d:\Documents\Github\nju_electric_monitor\src\..\data\captcha_debug.png
2025-07-28 13:20:38,072 - INFO - 验证码识别尝试 1/5
2025-07-28 13:20:38,072 - INFO - 开始识别验证码...
2025-07-28 13:20:38,165 - WARNING - 验证码识别结果为空
2025-07-28 13:20:38,166 - INFO - 尝试不同的图像处理参数...
2025-07-28 13:20:38,247 - INFO - 方法3识别结果: 3Pz
2025-07-28 13:20:38,247 - INFO - 查找验证码输入框...
2025-07-28 13:20:38,279 - INFO - 验证码填写完成
2025-07-28 13:20:38,279 - INFO - 验证码填写完成，点击登录按钮...
2025-07-28 13:20:38,279 - INFO - 查找并点击登录按钮...
2025-07-28 13:20:38,338 - INFO - 已点击登录按钮
2025-07-28 13:20:45,355 - WARNING - 检测到无效的验证码提示，准备重试...
2025-07-28 13:20:45,355 - INFO - 查找验证码图片...
2025-07-28 13:20:45,362 - INFO - 找到验证码图片，开始截图...
2025-07-28 13:20:45,398 - INFO - 验证码图片截取成功
2025-07-28 13:20:45,398 - INFO - 开始填写登录表单...
2025-07-28 13:20:45,433 - INFO - 用户名填写完成
2025-07-28 13:20:45,466 - INFO - 密码填写完成
2025-07-28 13:20:45,467 - INFO - 验证码图片已保存到 d:\Documents\Github\nju_electric_monitor\src\..\data\captcha_debug.png
2025-07-28 13:20:45,467 - INFO - 验证码识别尝试 2/5
2025-07-28 13:20:45,467 - INFO - 开始识别验证码...
2025-07-28 13:20:45,522 - INFO - 验证码识别结果: X38F
2025-07-28 13:20:45,522 - INFO - 查找验证码输入框...
2025-07-28 13:20:45,552 - INFO - 验证码填写完成
2025-07-28 13:20:45,552 - INFO - 验证码填写完成，点击登录按钮...
2025-07-28 13:20:45,552 - INFO - 查找并点击登录按钮...
2025-07-28 13:20:45,602 - INFO - 已点击登录按钮
2025-07-28 13:20:52,608 - INFO - 未检测到无效验证码提示，验证码通过
2025-07-28 13:20:52,608 - INFO - 查找并点击登录按钮...
2025-07-28 13:20:52,612 - ERROR - 未找到登录按钮
2025-07-28 13:20:52,612 - ERROR - 点击登录按钮失败
2025-07-28 13:20:52,613 - INFO - 等待登录成功...
2025-07-28 13:20:57,616 - INFO - 登录可能成功，继续下一步...
2025-07-28 13:20:57,616 - INFO - 查找'去充值'按钮...
2025-07-28 13:20:58,142 - INFO - 已点击充值按钮
2025-07-28 13:21:01,143 - INFO - 开始提取剩余电量信息...
2025-07-28 13:21:01,145 - INFO - 页面源码已保存到 d:\Documents\Github\nju_electric_monitor\src\..\data\debug_page_source.html
2025-07-28 13:21:01,157 - INFO - 找到电量信息元素: 持卡人姓名：吴相民
2025-07-28 13:21:01,158 - WARNING - 未在元素中找到标准格式的电量信息
2025-07-28 13:21:01,166 - INFO - 找到i标签中的电量信息: 吴相民
2025-07-28 13:21:01,166 - WARNING - i标签中未找到标准格式的电量信息
2025-07-28 13:21:01,168 - INFO - 在页面源码中查找电量信息...
2025-07-28 13:21:01,168 - INFO - 从页面源码中提取到剩余电量: 82.06 度
2025-07-28 13:21:01,169 - INFO - 数据已保存: 82.06 度
2025-07-28 13:21:01,457 - WARNING - 生成电费曲线图PNG失败: 
Image export using the "kaleido" engine requires the Kaleido package,
which can be installed using pip:

    $ pip install --upgrade kaleido

2025-07-28 13:21:01,457 - INFO - 监控流程完成
2025-07-28 13:24:17,868 - INFO - 使用本地ChromeDriver: d:\Documents\Github\nju_electric_monitor\src\..\chromedriver-win64\chromedriver.exe
2025-07-28 13:24:17,868 - WARNING - Using CPU. Note: This module is much faster with a GPU.
2025-07-28 13:24:18,960 - INFO - OCR识别器初始化成功
2025-07-28 13:24:18,960 - INFO - 开始南京大学电费监控流程（自动无头模式）
2025-07-28 13:24:18,960 - INFO - 已获取登录凭据
2025-07-28 13:24:18,960 - INFO - 正在打开页面: https://epay.nju.edu.cn/epay/h5/nju/electric/index
2025-07-28 13:24:22,196 - INFO - 等待登录表单加载...
2025-07-28 13:24:22,203 - INFO - 登录表单已加载
2025-07-28 13:24:22,203 - INFO - 开始填写登录表单...
2025-07-28 13:24:22,242 - INFO - 用户名填写完成
2025-07-28 13:24:22,274 - INFO - 密码填写完成
2025-07-28 13:24:22,274 - INFO - 检查是否有验证码...
2025-07-28 13:24:22,274 - INFO - 查找验证码图片...
2025-07-28 13:24:22,286 - INFO - 找到验证码图片，开始截图...
2025-07-28 13:24:22,326 - INFO - 验证码图片截取成功
2025-07-28 13:24:22,326 - INFO - 开始填写登录表单...
2025-07-28 13:24:22,359 - INFO - 用户名填写完成
2025-07-28 13:24:22,394 - INFO - 密码填写完成
2025-07-28 13:24:22,395 - INFO - 验证码图片已保存到 d:\Documents\Github\nju_electric_monitor\src\..\data\captcha_debug.png
2025-07-28 13:24:22,395 - INFO - 验证码识别尝试 1/5
2025-07-28 13:24:22,395 - INFO - 开始识别验证码...
2025-07-28 13:24:22,488 - INFO - 验证码识别结果: XZE
2025-07-28 13:24:22,488 - INFO - 查找验证码输入框...
2025-07-28 13:24:22,518 - INFO - 验证码填写完成
2025-07-28 13:24:22,518 - INFO - 验证码填写完成，点击登录按钮...
2025-07-28 13:24:22,519 - INFO - 查找并点击登录按钮...
2025-07-28 13:24:22,563 - INFO - 已点击登录按钮
2025-07-28 13:24:29,579 - WARNING - 检测到无效的验证码提示，准备重试...
2025-07-28 13:24:29,579 - INFO - 查找验证码图片...
2025-07-28 13:24:29,585 - INFO - 找到验证码图片，开始截图...
2025-07-28 13:24:29,622 - INFO - 验证码图片截取成功
2025-07-28 13:24:29,622 - INFO - 开始填写登录表单...
2025-07-28 13:24:29,666 - INFO - 用户名填写完成
2025-07-28 13:24:29,696 - INFO - 密码填写完成
2025-07-28 13:24:29,697 - INFO - 验证码图片已保存到 d:\Documents\Github\nju_electric_monitor\src\..\data\captcha_debug.png
2025-07-28 13:24:29,697 - INFO - 验证码识别尝试 2/5
2025-07-28 13:24:29,697 - INFO - 开始识别验证码...
2025-07-28 13:24:29,751 - INFO - 验证码识别结果: FKeK
2025-07-28 13:24:29,751 - INFO - 查找验证码输入框...
2025-07-28 13:24:29,780 - INFO - 验证码填写完成
2025-07-28 13:24:29,780 - INFO - 验证码填写完成，点击登录按钮...
2025-07-28 13:24:29,780 - INFO - 查找并点击登录按钮...
2025-07-28 13:24:29,810 - INFO - 已点击登录按钮
2025-07-28 13:24:36,815 - INFO - 未检测到无效验证码提示，验证码通过
2025-07-28 13:24:36,815 - INFO - 查找并点击登录按钮...
2025-07-28 13:24:36,818 - ERROR - 未找到登录按钮
2025-07-28 13:24:36,818 - ERROR - 点击登录按钮失败
2025-07-28 13:24:36,818 - INFO - 等待登录成功...
2025-07-28 13:24:41,820 - INFO - 登录可能成功，继续下一步...
2025-07-28 13:24:41,820 - INFO - 查找'去充值'按钮...
2025-07-28 13:24:42,377 - INFO - 已点击充值按钮
2025-07-28 13:24:45,377 - INFO - 开始提取剩余电量信息...
2025-07-28 13:24:45,381 - INFO - 页面源码已保存到 d:\Documents\Github\nju_electric_monitor\src\..\data\debug_page_source.html
2025-07-28 13:24:45,390 - INFO - 找到电量信息元素: 持卡人姓名：吴相民
2025-07-28 13:24:45,390 - WARNING - 未在元素中找到标准格式的电量信息
2025-07-28 13:24:45,400 - INFO - 找到i标签中的电量信息: 吴相民
2025-07-28 13:24:45,400 - WARNING - i标签中未找到标准格式的电量信息
2025-07-28 13:24:45,402 - INFO - 在页面源码中查找电量信息...
2025-07-28 13:24:45,402 - INFO - 从页面源码中提取到剩余电量: 82.06 度
2025-07-28 13:24:45,403 - INFO - 数据已保存: 82.06 度
2025-07-28 13:24:45,755 - INFO - Chromium init'ed with kwargs {}
2025-07-28 13:24:45,756 - INFO - Found chromium path: C:\Program Files\Google\Chrome\Application\chrome.exe
2025-07-28 13:24:45,757 - INFO - Temp directory created: D:\temp\tmpgudztzhd.
2025-07-28 13:24:45,757 - INFO - Opening browser.
2025-07-28 13:24:45,758 - INFO - Temp directory created: D:\temp\tmprc5wyfy8.
2025-07-28 13:24:45,758 - INFO - Temporary directory at: D:\temp\tmprc5wyfy8
2025-07-28 13:24:45,930 - INFO - Conforming 1 to file:///D:/temp/tmpgudztzhd/index.html
2025-07-28 13:24:45,930 - INFO - Waiting on all navigates
2025-07-28 13:24:46,978 - INFO - All navigates done, putting them all in queue.
2025-07-28 13:24:46,978 - INFO - Getting tab from queue (has 1)
2025-07-28 13:24:46,978 - INFO - Got AE7E
2025-07-28 13:24:46,978 - INFO - Processing fig.png
2025-07-28 13:24:46,978 - INFO - Sending big command for fig.png.
2025-07-28 13:24:47,050 - INFO - Sent big command for fig.png.
2025-07-28 13:24:47,051 - INFO - Reloading tab AE7E before return.
2025-07-28 13:24:47,107 - INFO - Putting tab AE7E back (queue size: 0).
2025-07-28 13:24:47,107 - INFO - Waiting for all cleanups to finish.
2025-07-28 13:24:47,108 - INFO - Exiting Kaleido
2025-07-28 13:24:47,108 - INFO - TemporaryDirectory.cleanup() worked.
2025-07-28 13:24:47,108 - INFO - shutil.rmtree worked.
2025-07-28 13:24:47,108 - INFO - Cancelling tasks.
2025-07-28 13:24:47,108 - INFO - Exiting Kaleido/Choreo
2025-07-28 13:24:47,109 - INFO - Closing browser.
2025-07-28 13:24:47,109 - INFO - TemporaryDirectory.cleanup() worked.
2025-07-28 13:24:47,110 - INFO - shutil.rmtree worked.
2025-07-28 13:24:47,110 - INFO - Cancelling tasks.
2025-07-28 13:24:47,110 - INFO - Exiting Kaleido/Choreo
2025-07-28 13:24:47,110 - INFO - Closing browser.
2025-07-28 13:24:47,209 - INFO - TemporaryDirectory.cleanup() worked.
2025-07-28 13:24:47,209 - INFO - shutil.rmtree worked.
2025-07-28 13:24:47,211 - INFO - 电费变化曲线图已保存到: d:\Documents\Github\nju_electric_monitor\src\..\data\electricity_trend.png
2025-07-28 13:24:47,211 - INFO - 监控流程完成
2025-07-28 13:24:53,905 - INFO - TemporaryDirectory.cleanup() worked.
2025-07-28 13:24:53,906 - INFO - shutil.rmtree worked.
2025-07-28 13:29:37,287 - INFO - 使用本地ChromeDriver: d:\Documents\Github\nju_electric_monitor\src\..\chromedriver-win64\chromedriver.exe
2025-07-28 13:29:37,288 - WARNING - Using CPU. Note: This module is much faster with a GPU.
2025-07-28 13:29:38,376 - INFO - OCR识别器初始化成功
2025-07-28 13:29:38,376 - INFO - 开始南京大学电费监控流程（自动无头模式）
2025-07-28 13:29:38,376 - INFO - 已获取登录凭据
2025-07-28 13:29:38,376 - INFO - 正在打开页面: https://epay.nju.edu.cn/epay/h5/nju/electric/index
2025-07-28 13:29:41,598 - INFO - 等待登录表单加载...
2025-07-28 13:29:41,603 - INFO - 登录表单已加载
2025-07-28 13:29:41,604 - INFO - 开始填写登录表单...
2025-07-28 13:29:41,638 - INFO - 用户名填写完成
2025-07-28 13:29:41,671 - INFO - 密码填写完成
2025-07-28 13:29:41,671 - INFO - 检查是否有验证码...
2025-07-28 13:29:41,671 - INFO - 查找验证码图片...
2025-07-28 13:29:41,682 - INFO - 找到验证码图片，开始截图...
2025-07-28 13:29:41,729 - INFO - 验证码图片截取成功
2025-07-28 13:29:41,729 - INFO - 开始填写登录表单...
2025-07-28 13:29:41,761 - INFO - 用户名填写完成
2025-07-28 13:29:41,793 - INFO - 密码填写完成
2025-07-28 13:29:41,794 - INFO - 验证码图片已保存到 d:\Documents\Github\nju_electric_monitor\src\..\data\captcha_debug.png
2025-07-28 13:29:41,794 - INFO - 验证码识别尝试 1/5
2025-07-28 13:29:41,794 - INFO - 开始识别验证码...
2025-07-28 13:29:41,885 - INFO - 验证码识别结果: hXPh
2025-07-28 13:29:41,885 - INFO - 查找验证码输入框...
2025-07-28 13:29:41,915 - INFO - 验证码填写完成
2025-07-28 13:29:41,915 - INFO - 验证码填写完成，点击登录按钮...
2025-07-28 13:29:41,915 - INFO - 查找并点击登录按钮...
2025-07-28 13:29:43,384 - INFO - 已点击登录按钮
2025-07-28 13:29:50,390 - INFO - 未检测到无效验证码提示，验证码通过
2025-07-28 13:29:50,390 - INFO - 查找并点击登录按钮...
2025-07-28 13:29:50,393 - ERROR - 未找到登录按钮
2025-07-28 13:29:50,393 - ERROR - 点击登录按钮失败
2025-07-28 13:29:50,393 - INFO - 等待登录成功...
2025-07-28 13:29:55,396 - INFO - 登录可能成功，继续下一步...
2025-07-28 13:29:55,396 - INFO - 查找'去充值'按钮...
2025-07-28 13:29:55,932 - INFO - 已点击充值按钮
2025-07-28 13:29:58,933 - INFO - 开始提取剩余电量信息...
2025-07-28 13:29:58,935 - INFO - 页面源码已保存到 d:\Documents\Github\nju_electric_monitor\src\..\data\debug_page_source.html
2025-07-28 13:29:58,945 - INFO - 找到电量信息元素: 持卡人姓名：吴相民
2025-07-28 13:29:58,945 - WARNING - 未在元素中找到标准格式的电量信息
2025-07-28 13:29:58,954 - INFO - 找到i标签中的电量信息: 吴相民
2025-07-28 13:29:58,954 - WARNING - i标签中未找到标准格式的电量信息
2025-07-28 13:29:58,955 - INFO - 在页面源码中查找电量信息...
2025-07-28 13:29:58,955 - INFO - 从页面源码中提取到剩余电量: 82.06 度
2025-07-28 13:29:58,957 - INFO - 数据已保存: 82.06 度
2025-07-28 13:29:59,324 - INFO - 电费变化曲线图已保存到: d:\Documents\Github\nju_electric_monitor\src\..\data\electricity_trend.png
2025-07-28 13:29:59,324 - INFO - 监控流程完成
2025-07-28 13:40:05,752 - INFO - 使用本地ChromeDriver: D:\Documents\Github\nju_electric_monitor\src\..\chromedriver-win64\chromedriver.exe
2025-07-28 13:40:05,752 - WARNING - Using CPU. Note: This module is much faster with a GPU.
2025-07-28 13:40:07,775 - INFO - OCR识别器初始化成功
2025-07-28 13:40:07,775 - INFO - 开始南京大学电费监控流程（自动无头模式）
2025-07-28 13:40:07,775 - INFO - 已获取登录凭据
2025-07-28 13:40:07,776 - INFO - 正在打开页面: https://epay.nju.edu.cn/epay/h5/nju/electric/index
2025-07-28 13:40:10,986 - INFO - 等待登录表单加载...
2025-07-28 13:40:10,993 - INFO - 登录表单已加载
2025-07-28 13:40:10,993 - INFO - 开始填写登录表单...
2025-07-28 13:40:11,031 - INFO - 用户名填写完成
2025-07-28 13:40:11,079 - INFO - 密码填写完成
2025-07-28 13:40:11,079 - INFO - 检查是否有验证码...
2025-07-28 13:40:11,079 - INFO - 查找验证码图片...
2025-07-28 13:40:11,094 - INFO - 找到验证码图片，开始截图...
2025-07-28 13:40:11,155 - INFO - 验证码图片截取成功
2025-07-28 13:40:11,155 - INFO - 开始填写登录表单...
2025-07-28 13:40:11,203 - INFO - 用户名填写完成
2025-07-28 13:40:11,250 - INFO - 密码填写完成
2025-07-28 13:40:11,251 - INFO - 验证码图片已保存到 D:\Documents\Github\nju_electric_monitor\src\..\data\captcha_debug.png
2025-07-28 13:40:11,251 - INFO - 验证码识别尝试 1/5
2025-07-28 13:40:11,251 - INFO - 开始识别验证码...
2025-07-28 13:40:11,362 - INFO - 验证码识别结果: PnyA
2025-07-28 13:40:11,363 - INFO - 查找验证码输入框...
2025-07-28 13:40:11,405 - INFO - 验证码填写完成
2025-07-28 13:40:11,405 - INFO - 验证码填写完成，点击登录按钮...
2025-07-28 13:40:11,405 - INFO - 查找并点击登录按钮...
2025-07-28 13:40:12,925 - INFO - 已点击登录按钮
2025-07-28 13:40:19,933 - INFO - 未检测到无效验证码提示，验证码通过
2025-07-28 13:40:19,934 - INFO - 查找并点击登录按钮...
2025-07-28 13:40:19,937 - ERROR - 未找到登录按钮
2025-07-28 13:40:19,938 - ERROR - 点击登录按钮失败
2025-07-28 13:40:19,938 - INFO - 等待登录成功...
2025-07-28 13:40:24,942 - INFO - 登录可能成功，继续下一步...
2025-07-28 13:40:24,942 - INFO - 查找'去充值'按钮...
2025-07-28 13:40:25,477 - INFO - 已点击充值按钮
2025-07-28 13:40:28,477 - INFO - 开始提取剩余电量信息...
2025-07-28 13:40:28,480 - INFO - 页面源码已保存到 D:\Documents\Github\nju_electric_monitor\src\..\data\debug_page_source.html
2025-07-28 13:40:28,491 - INFO - 找到电量信息元素: 持卡人姓名：吴相民
2025-07-28 13:40:28,492 - WARNING - 未在元素中找到标准格式的电量信息
2025-07-28 13:40:28,498 - INFO - 找到i标签中的电量信息: 吴相民
2025-07-28 13:40:28,500 - WARNING - i标签中未找到标准格式的电量信息
2025-07-28 13:40:28,501 - INFO - 在页面源码中查找电量信息...
2025-07-28 13:40:28,501 - INFO - 从页面源码中提取到剩余电量: 82.06 度
2025-07-28 13:40:28,502 - INFO - 数据已保存: 82.06 度
2025-07-28 13:40:28,883 - INFO - 电费变化曲线图已保存到: D:\Documents\Github\nju_electric_monitor\src\..\data\electricity_trend.png
2025-07-28 13:40:28,883 - INFO - 监控流程完成
